<?xml version="1.0" encoding="UTF-8"?>
<!-- Generated by org.testng.reporters.JUnitXMLReporter -->
<testsuite hostname="LAPTOP-A4IM68OL" ignored="0" name="Default test" tests="4" failures="0" timestamp="30 Mar 2021 08:20:39 GMT" time="104.513" errors="0">
  <testcase name="TC_1_Login" time="28.138" classname="tests.TestCases"/>
  <testcase name="TC_2_SearchProduct" time="31.696" classname="tests.TestCases"/>
  <testcase name="TC_3_CheckOutProduct" time="31.706" classname="tests.TestCases"/>
  <testcase name="TC_4_VerifyProdcutInfo" time="0.006" classname="tests.TestCases"/>
</testsuite> <!-- Default test -->
