<?xml version="1.0" encoding="UTF-8"?>
<testng-results skipped="0" failed="0" ignored="0" total="4" passed="4">
  <reporter-output>
  </reporter-output>
  <suite name="Default suite" duration-ms="104513" started-at="2021-03-30T08:18:54Z" finished-at="2021-03-30T08:20:39Z">
    <groups>
    </groups>
    <test name="Default test" duration-ms="104513" started-at="2021-03-30T08:18:54Z" finished-at="2021-03-30T08:20:39Z">
      <class name="tests.TestCases">
        <test-method status="PASS" signature="reportSetup()[pri:0, instance:tests.TestCases@3f49dace]" name="reportSetup" is-config="true" duration-ms="304" started-at="2021-03-30T08:18:54Z" finished-at="2021-03-30T08:18:54Z">
          <reporter-output>
          </reporter-output>
        </test-method> <!-- reportSetup -->
        <test-method status="PASS" signature="setUpAppium()[pri:0, instance:tests.TestCases@3f49dace]" name="setUpAppium" is-config="true" duration-ms="12662" started-at="2021-03-30T08:18:54Z" finished-at="2021-03-30T08:19:07Z">
          <reporter-output>
          </reporter-output>
        </test-method> <!-- setUpAppium -->
        <test-method status="PASS" signature="TC_1_Login()[pri:0, instance:tests.TestCases@3f49dace]" name="TC_1_Login" duration-ms="28138" started-at="2021-03-30T08:19:07Z" finished-at="2021-03-30T08:19:35Z">
          <reporter-output>
          </reporter-output>
        </test-method> <!-- TC_1_Login -->
        <test-method status="PASS" signature="screenshotOnFailure(org.testng.ITestResult)[pri:0, instance:tests.TestCases@3f49dace]" name="screenshotOnFailure" is-config="true" duration-ms="4" started-at="2021-03-30T08:19:35Z" finished-at="2021-03-30T08:19:35Z">
          <params>
            <param index="0">
              <value>
                <![CDATA[[TestResult name=TC_1_Login status=SUCCESS method=TestCases.TC_1_Login()[pri:0, instance:tests.TestCases@3f49dace] output={null}]]]>
              </value>
            </param>
          </params>
          <reporter-output>
          </reporter-output>
        </test-method> <!-- screenshotOnFailure -->
        <test-method status="PASS" signature="TC_2_SearchProduct()[pri:1, instance:tests.TestCases@3f49dace]" name="TC_2_SearchProduct" duration-ms="31696" started-at="2021-03-30T08:19:35Z" finished-at="2021-03-30T08:20:07Z">
          <reporter-output>
          </reporter-output>
        </test-method> <!-- TC_2_SearchProduct -->
        <test-method status="PASS" signature="screenshotOnFailure(org.testng.ITestResult)[pri:0, instance:tests.TestCases@3f49dace]" name="screenshotOnFailure" is-config="true" duration-ms="0" started-at="2021-03-30T08:20:07Z" finished-at="2021-03-30T08:20:07Z">
          <params>
            <param index="0">
              <value>
                <![CDATA[[TestResult name=TC_2_SearchProduct status=SUCCESS method=TestCases.TC_2_SearchProduct()[pri:1, instance:tests.TestCases@3f49dace] output={null}]]]>
              </value>
            </param>
          </params>
          <reporter-output>
          </reporter-output>
        </test-method> <!-- screenshotOnFailure -->
        <test-method status="PASS" signature="TC_3_CheckOutProduct()[pri:2, instance:tests.TestCases@3f49dace]" name="TC_3_CheckOutProduct" duration-ms="31706" started-at="2021-03-30T08:20:07Z" finished-at="2021-03-30T08:20:38Z">
          <reporter-output>
          </reporter-output>
        </test-method> <!-- TC_3_CheckOutProduct -->
        <test-method status="PASS" signature="screenshotOnFailure(org.testng.ITestResult)[pri:0, instance:tests.TestCases@3f49dace]" name="screenshotOnFailure" is-config="true" duration-ms="0" started-at="2021-03-30T08:20:38Z" finished-at="2021-03-30T08:20:38Z">
          <params>
            <param index="0">
              <value>
                <![CDATA[[TestResult name=TC_3_CheckOutProduct status=SUCCESS method=TestCases.TC_3_CheckOutProduct()[pri:2, instance:tests.TestCases@3f49dace] output={null}]]]>
              </value>
            </param>
          </params>
          <reporter-output>
          </reporter-output>
        </test-method> <!-- screenshotOnFailure -->
        <test-method status="PASS" signature="TC_4_VerifyProdcutInfo()[pri:3, instance:tests.TestCases@3f49dace]" name="TC_4_VerifyProdcutInfo" duration-ms="6" started-at="2021-03-30T08:20:38Z" finished-at="2021-03-30T08:20:38Z">
          <reporter-output>
          </reporter-output>
        </test-method> <!-- TC_4_VerifyProdcutInfo -->
        <test-method status="PASS" signature="screenshotOnFailure(org.testng.ITestResult)[pri:0, instance:tests.TestCases@3f49dace]" name="screenshotOnFailure" is-config="true" duration-ms="1" started-at="2021-03-30T08:20:38Z" finished-at="2021-03-30T08:20:38Z">
          <params>
            <param index="0">
              <value>
                <![CDATA[[TestResult name=TC_4_VerifyProdcutInfo status=SUCCESS method=TestCases.TC_4_VerifyProdcutInfo()[pri:3, instance:tests.TestCases@3f49dace] output={null}]]]>
              </value>
            </param>
          </params>
          <reporter-output>
          </reporter-output>
        </test-method> <!-- screenshotOnFailure -->
        <test-method status="PASS" signature="afterTest()[pri:0, instance:tests.TestCases@3f49dace]" name="afterTest" is-config="true" duration-ms="248" started-at="2021-03-30T08:20:38Z" finished-at="2021-03-30T08:20:39Z">
          <reporter-output>
          </reporter-output>
        </test-method> <!-- afterTest -->
        <test-method status="PASS" signature="reportTeardown()[pri:0, instance:tests.TestCases@3f49dace]" name="reportTeardown" is-config="true" duration-ms="688" started-at="2021-03-30T08:20:39Z" finished-at="2021-03-30T08:20:39Z">
          <reporter-output>
          </reporter-output>
        </test-method> <!-- reportTeardown -->
      </class> <!-- tests.TestCases -->
    </test> <!-- Default test -->
  </suite> <!-- Default suite -->
</testng-results>
